<?xml version="1.0" encoding="UTF-8"?>
<!-- Generated by org.testng.reporters.JUnitReportReporter -->
<testsuite skipped="2" hostname="dell-PC" name="com.AutomateSeleniumEasy.TestCases.AlertsTest" tests="3" failures="0" timestamp="2020-12-19T07:52:24 IST" time="15.619" errors="0">
  <testcase name="TC003_PromptBox" time="15.619" classname="com.AutomateSeleniumEasy.TestCases.AlertsTest"/>
  <system-out/>
  <testcase name="TC001_AlertBox" classname="com.AutomateSeleniumEasy.TestCases.AlertsTest">
    <skipped/>
  </testcase> <!-- TC001_AlertBox -->
  <system-out/>
  <testcase name="TC002_ConfirmBox" classname="com.AutomateSeleniumEasy.TestCases.AlertsTest">
    <skipped/>
  </testcase> <!-- TC002_ConfirmBox -->
  <system-out/>
</testsuite> <!-- com.AutomateSeleniumEasy.TestCases.AlertsTest -->
