<?xml version="1.0" encoding="UTF-8"?>
<!-- Generated by org.testng.reporters.JUnitReportReporter -->
<testsuite skipped="0" hostname="dell-PC" name="com.AutomateSeleniumEasy.TestCases.InputFormSubmitTest" tests="1" failures="0" timestamp="2020-12-17T21:26:38 IST" time="8.760" errors="0">
  <testcase name="TC_001_InputFOrmSubmit" time="8.760" classname="com.AutomateSeleniumEasy.TestCases.InputFormSubmitTest"/>
  <system-out/>
</testsuite> <!-- com.AutomateSeleniumEasy.TestCases.InputFormSubmitTest -->
