<?xml version="1.0" encoding="UTF-8"?>
<!-- Generated by org.testng.reporters.JUnitReportReporter -->
<testsuite skipped="0" hostname="dell-PC" name="com.AutomateSeleniumEasy.TestCases.InputFormSubmitTest" tests="1" failures="0" timestamp="2020-12-08T17:51:18 IST" time="9.597" errors="0">
  <testcase name="TC_001_InputFOrmSubmit" time="9.597" classname="com.AutomateSeleniumEasy.TestCases.InputFormSubmitTest"/>
  <system-out/>
</testsuite> <!-- com.AutomateSeleniumEasy.TestCases.InputFormSubmitTest -->
