<?xml version="1.0" encoding="UTF-8"?>
<!-- Generated by org.testng.reporters.JUnitReportReporter -->
<testsuite skipped="0" hostname="dell-PC" name="com.AutomateSeleniumEasy.TestCases.AddToKartTest" tests="1" failures="0" timestamp="2020-12-28T16:12:22 IST" time="13.088" errors="0">
  <testcase name="TC_001_AddToKart" time="13.088" classname="com.AutomateSeleniumEasy.TestCases.AddToKartTest"/>
  <system-out/>
</testsuite> <!-- com.AutomateSeleniumEasy.TestCases.AddToKartTest -->
